Flow report for DE2Bot
Thu Apr 05 18:32:15 2018
Quartus II Version 9.1 Build 350 03/24/2010 Service Pack 2 SJ Web Edition


---------------------
; Table of Contents ;
---------------------
  1. Legal Notice
  2. Flow Summary
  3. Flow Settings
  4. Flow Non-Default Global Settings
  5. Flow Elapsed Time
  6. Flow OS Summary
  7. Flow Log



----------------
; Legal Notice ;
----------------
Copyright (C) 1991-2010 Altera Corporation
Your use of Altera Corporation's design tools, logic functions 
and other software and tools, and its AMPP partner logic 
functions, and any output files from any of the foregoing 
(including device programming or simulation files), and any 
associated documentation or information are expressly subject 
to the terms and conditions of the Altera Program License 
Subscription Agreement, Altera MegaCore Function License 
Agreement, or other applicable license agreement, including, 
without limitation, that your use is for the sole purpose of 
programming logic devices manufactured by Altera and sold by 
Altera or its authorized distributors.  Please refer to the 
applicable agreement for further details.



+-----------------------------------------------------------------------------------+
; Flow Summary                                                                      ;
+------------------------------------+----------------------------------------------+
; Flow Status                        ; Successful - Thu Apr 05 18:32:14 2018        ;
; Quartus II Version                 ; 9.1 Build 350 03/24/2010 SP 2 SJ Web Edition ;
; Revision Name                      ; DE2Bot                                       ;
; Top-level Entity Name              ; DE2bot                                       ;
; Family                             ; Cyclone II                                   ;
; Device                             ; EP2C35F672C6                                 ;
; Timing Models                      ; Final                                        ;
; Met timing requirements            ; No                                           ;
; Total logic elements               ; 5,571 / 33,216 ( 17 % )                      ;
;     Total combinational functions  ; 5,005 / 33,216 ( 15 % )                      ;
;     Dedicated logic registers      ; 2,278 / 33,216 ( 7 % )                       ;
; Total registers                    ; 2278                                         ;
; Total pins                         ; 182 / 475 ( 38 % )                           ;
; Total virtual pins                 ; 0                                            ;
; Total memory bits                  ; 107,264 / 483,840 ( 22 % )                   ;
; Embedded Multiplier 9-bit elements ; 42 / 70 ( 60 % )                             ;
; Total PLLs                         ; 2 / 4 ( 50 % )                               ;
+------------------------------------+----------------------------------------------+


+-----------------------------------------+
; Flow Settings                           ;
+-------------------+---------------------+
; Option            ; Setting             ;
+-------------------+---------------------+
; Start date & time ; 04/05/2018 18:30:26 ;
; Main task         ; Compilation         ;
; Revision Name     ; DE2Bot              ;
+-------------------+---------------------+


+-------------------------------------------------------------------------------------------------------------------+
; Flow Non-Default Global Settings                                                                                  ;
+-------------------------------------+------------------------------+---------------+-------------+----------------+
; Assignment Name                     ; Value                        ; Default Value ; Entity Name ; Section Id     ;
+-------------------------------------+------------------------------+---------------+-------------+----------------+
; COMPILER_SIGNATURE_ID               ; 345052807169.152296742612352 ; --            ; --          ; --             ;
; ENABLE_CLOCK_LATENCY                ; On                           ; Off           ; --          ; --             ;
; IP_TOOL_NAME                        ; LPM_FF                       ; --            ; --          ; --             ;
; IP_TOOL_VERSION                     ; 9.1                          ; --            ; --          ; --             ;
; MAX_CORE_JUNCTION_TEMP              ; 85                           ; --            ; --          ; --             ;
; MIN_CORE_JUNCTION_TEMP              ; 0                            ; --            ; --          ; --             ;
; MISC_FILE                           ; ir_lpm_dff9.bsf              ; --            ; --          ; --             ;
; MISC_FILE                           ; ir_lpm_dff9.cmp              ; --            ; --          ; --             ;
; OUTPUT_PIN_LOAD                     ; 1                            ; --            ; --          ; 3.3-V LVTTL    ;
; OUTPUT_PIN_LOAD                     ; 1                            ; --            ; --          ; 3.3-V LVCMOS   ;
; PARTITION_COLOR                     ; 16764057                     ; --            ; DE2bot      ; Top            ;
; PARTITION_FITTER_PRESERVATION_LEVEL ; PLACEMENT_AND_ROUTING        ; --            ; DE2bot      ; Top            ;
; PARTITION_NETLIST_TYPE              ; SOURCE                       ; --            ; DE2bot      ; Top            ;
; SMART_RECOMPILE                     ; On                           ; Off           ; --          ; --             ;
; USE_GENERATED_PHYSICAL_CONSTRAINTS  ; Off                          ; --            ; --          ; eda_blast_fpga ;
+-------------------------------------+------------------------------+---------------+-------------+----------------+


+-----------------------------------------------------------------------------------------------------------------------------+
; Flow Elapsed Time                                                                                                           ;
+-------------------------+--------------+-------------------------+---------------------+------------------------------------+
; Module Name             ; Elapsed Time ; Average Processors Used ; Peak Virtual Memory ; Total CPU Time (on all processors) ;
+-------------------------+--------------+-------------------------+---------------------+------------------------------------+
; Analysis & Synthesis    ; 00:00:34     ; 1.0                     ; 352 MB              ; 00:00:32                           ;
; Fitter                  ; 00:00:55     ; 1.0                     ; 384 MB              ; 00:00:52                           ;
; Assembler               ; 00:00:03     ; 1.0                     ; 336 MB              ; 00:00:03                           ;
; Classic Timing Analyzer ; 00:00:05     ; 1.0                     ; 282 MB              ; 00:00:06                           ;
; Total                   ; 00:01:37     ; --                      ; --                  ; 00:01:33                           ;
+-------------------------+--------------+-------------------------+---------------------+------------------------------------+


+------------------------------------------------------------------------------------------+
; Flow OS Summary                                                                          ;
+-------------------------+------------------+---------------+------------+----------------+
; Module Name             ; Machine Hostname ; OS Name       ; OS Version ; Processor type ;
+-------------------------+------------------+---------------+------------+----------------+
; Analysis & Synthesis    ; DESKTOP-VAOPK8A  ; Windows Vista ; 6.2        ; x86_64         ;
; Fitter                  ; DESKTOP-VAOPK8A  ; Windows Vista ; 6.2        ; x86_64         ;
; Assembler               ; DESKTOP-VAOPK8A  ; Windows Vista ; 6.2        ; x86_64         ;
; Classic Timing Analyzer ; DESKTOP-VAOPK8A  ; Windows Vista ; 6.2        ; x86_64         ;
+-------------------------+------------------+---------------+------------+----------------+


------------
; Flow Log ;
------------
quartus_map --read_settings_files=on --write_settings_files=off DE2Bot -c DE2Bot
quartus_fit --read_settings_files=off --write_settings_files=off DE2Bot -c DE2Bot
quartus_asm --read_settings_files=off --write_settings_files=off DE2Bot -c DE2Bot
quartus_tan --read_settings_files=off --write_settings_files=off DE2Bot -c DE2Bot --timing_analysis_only



