MIF/HEX Update report for DE2Bot
Mon Apr 16 19:39:59 2018
Quartus II 64-Bit Version 9.1 Build 350 03/24/2010 Service Pack 2 SJ Full Version


---------------------
; Table of Contents ;
---------------------
  1. Legal Notice
  2. MIF/HEX Update Summary
  3. MIF/HEX Update Processed Files
  4. MIF/HEX Update Messages



----------------
; Legal Notice ;
----------------
Copyright (C) 1991-2010 Altera Corporation
Your use of Altera Corporation's design tools, logic functions 
and other software and tools, and its AMPP partner logic 
functions, and any output files from any of the foregoing 
(including device programming or simulation files), and any 
associated documentation or information are expressly subject 
to the terms and conditions of the Altera Program License 
Subscription Agreement, Altera MegaCore Function License 
Agreement, or other applicable license agreement, including, 
without limitation, that your use is for the sole purpose of 
programming logic devices manufactured by Altera and sold by 
Altera or its authorized distributors.  Please refer to the 
applicable agreement for further details.



+---------------------------------------------------------------+
; MIF/HEX Update Summary                                        ;
+-----------------------+---------------------------------------+
; MIF/HEX Update Status ; Successful - Mon Apr 16 19:39:59 2018 ;
; Revision Name         ; DE2Bot                                ;
; Top-level Entity Name ; DE2bot                                ;
; Family                ; Cyclone II                            ;
; Device                ; EP2C35F672C6                          ;
+-----------------------+---------------------------------------+


+-----------------------------------------------------+
; MIF/HEX Update Processed Files                      ;
+-----------------------------------------------------+
; File Name                                           ;
+-----------------------------------------------------+
; C:/GitHub/de2bot/DE2Bot_Spr18/SimpleControlDemo.mif ;
; C:/GitHub/de2bot/DE2Bot_Spr18/cos_table.mif         ;
; C:/GitHub/de2bot/DE2Bot_Spr18/sin_table.mif         ;
; C:/GitHub/de2bot/DE2Bot_Spr18/sound.mif             ;
+-----------------------------------------------------+


+-------------------------+
; MIF/HEX Update Messages ;
+-------------------------+
Info: *******************************************************************
Info: Running Quartus II 64-Bit MIF/HEX Update
    Info: Version 9.1 Build 350 03/24/2010 Service Pack 2 SJ Full Version
    Info: Processing started: Mon Apr 16 19:39:58 2018
Info: Command: quartus_cdb DE2Bot -c DE2Bot --update_mif
Warning: 803 out of 2048 addresses are reinitialized. The latest initialized data will replace the existing data. There are 803 warnings found, and 10 warnings are reported.
    Warning: Memory Initialization File address 0 is reinitialized
    Warning: Memory Initialization File address 1 is reinitialized
    Warning: Memory Initialization File address 2 is reinitialized
    Warning: Memory Initialization File address 3 is reinitialized
    Warning: Memory Initialization File address 4 is reinitialized
    Warning: Memory Initialization File address 5 is reinitialized
    Warning: Memory Initialization File address 6 is reinitialized
    Warning: Memory Initialization File address 7 is reinitialized
    Warning: Memory Initialization File address 8 is reinitialized
    Warning: Memory Initialization File address 9 is reinitialized
Info: Processed the following Memory Initialization File(s)
    Info: Processed Memory Initialization File C:/GitHub/de2bot/DE2Bot_Spr18/SimpleControlDemo.mif
    Info: Processed Memory Initialization File C:/GitHub/de2bot/DE2Bot_Spr18/cos_table.mif
    Info: Processed Memory Initialization File C:/GitHub/de2bot/DE2Bot_Spr18/sin_table.mif
    Info: Processed Memory Initialization File C:/GitHub/de2bot/DE2Bot_Spr18/sound.mif
Info: Quartus II 64-Bit MIF/HEX Update was successful. 0 errors, 11 warnings
    Info: Peak virtual memory: 336 megabytes
    Info: Processing ended: Mon Apr 16 19:39:59 2018
    Info: Elapsed time: 00:00:01
    Info: Total CPU time (on all processors): 00:00:01


